[2023-03-28 15:11:08] [[32minfo[39m] lay 9 + 1 duoc 10 du 1
[2023-03-28 15:11:08] [[32minfo[39m] ket qua tai buoc 1 la: 0
[2023-03-28 15:11:08] [[32minfo[39m] lay 9 + 1 duoc 11 du 1
[2023-03-28 15:11:08] [[32minfo[39m] ket qua tai buoc 2 la: 10
[2023-03-28 15:11:08] [[32minfo[39m] lay 9 + 1 duoc 11 du 1
[2023-03-28 15:11:08] [[32minfo[39m] ket qua tai buoc 3 la: 110
[2023-03-28 15:11:08] [[32minfo[39m] ------------------------
[2023-03-28 15:11:08] [[32minfo[39m] ket qua phep cong 2 so 999 va 111 la: 1110
[2023-03-28 15:11:45] [[32minfo[39m] lay 9 + 1 duoc 10 du 1
[2023-03-28 15:11:45] [[32minfo[39m] ket qua tai buoc 1 la: 0
[2023-03-28 15:11:45] [[32minfo[39m] lay 9 + 1 duoc 11 du 1
[2023-03-28 15:11:45] [[32minfo[39m] ket qua tai buoc 2 la: 10
[2023-03-28 15:11:45] [[32minfo[39m] lay 9 + 1 duoc 11 du 1
[2023-03-28 15:11:45] [[32minfo[39m] ket qua tai buoc 3 la: 110
[2023-03-28 15:11:45] [[32minfo[39m] ------------------------
[2023-03-28 15:11:45] [[32minfo[39m] ket qua phep cong 2 so 999 va 111 la: 1110
[2023-03-28 15:12:30] [[32minfo[39m] lay 9 + 1 duoc 10 du 1
[2023-03-28 15:12:30] [[32minfo[39m] ket qua tai buoc 1 la: 0
[2023-03-28 15:12:30] [[32minfo[39m] lay 9 + 1 duoc 11 du 1
[2023-03-28 15:12:30] [[32minfo[39m] ket qua tai buoc 2 la: 10
[2023-03-28 15:12:30] [[32minfo[39m] lay 9 + 1 duoc 11 du 1
[2023-03-28 15:12:30] [[32minfo[39m] ket qua tai buoc 3 la: 110
[2023-03-28 15:12:30] [[32minfo[39m] ------------------------
[2023-03-28 15:12:30] [[32minfo[39m] ket qua phep cong 2 so 999 va 111 la: 1110
[2023-03-28 15:23:06] [[32minfo[39m] 999
[2023-03-28 15:23:06] [[32minfo[39m] lay 9 + 1 duoc 10 du 1
[2023-03-28 15:23:06] [[32minfo[39m] ket qua tai buoc 1 la: 0
[2023-03-28 15:23:06] [[32minfo[39m] lay 9 + 1 duoc 11 du 1
[2023-03-28 15:23:06] [[32minfo[39m] ket qua tai buoc 2 la: 10
[2023-03-28 15:23:06] [[32minfo[39m] lay 9 + 1 duoc 11 du 1
[2023-03-28 15:23:06] [[32minfo[39m] ket qua tai buoc 3 la: 110
[2023-03-28 15:23:06] [[32minfo[39m] ------------------------
[2023-03-28 15:23:06] [[32minfo[39m] ket qua phep cong 2 so 999 va 111 la: 1110
[2023-03-28 15:24:06] [[32minfo[39m] 999
[2023-03-28 15:24:06] [[32minfo[39m] 111
[2023-03-28 15:24:06] [[32minfo[39m] lay 9 + 1 duoc 10 du 1
[2023-03-28 15:24:06] [[32minfo[39m] ket qua tai buoc 1 la: 0
[2023-03-28 15:24:06] [[32minfo[39m] lay 9 + 1 duoc 11 du 1
[2023-03-28 15:24:06] [[32minfo[39m] ket qua tai buoc 2 la: 10
[2023-03-28 15:24:06] [[32minfo[39m] lay 9 + 1 duoc 11 du 1
[2023-03-28 15:24:06] [[32minfo[39m] ket qua tai buoc 3 la: 110
[2023-03-28 15:24:06] [[32minfo[39m] ------------------------
[2023-03-28 15:24:06] [[32minfo[39m] ket qua phep cong 2 so 999 va 111 la: 1110
[2023-03-28 15:24:30] [[32minfo[39m] 9765
[2023-03-28 15:24:30] [[32minfo[39m] 54321
[2023-03-28 15:24:30] [[32minfo[39m] lay 9 + 5 duoc 14 du 1
[2023-03-28 15:24:30] [[32minfo[39m] ket qua tai buoc 1 la: 4
[2023-03-28 15:24:30] [[32minfo[39m] lay 7 + 4 duoc 12 du 1
[2023-03-28 15:24:30] [[32minfo[39m] ket qua tai buoc 2 la: 24
[2023-03-28 15:24:30] [[32minfo[39m] lay 6 + 3 duoc 10 du 1
[2023-03-28 15:24:30] [[32minfo[39m] ket qua tai buoc 3 la: 024
[2023-03-28 15:24:30] [[32minfo[39m] lay 5 + 2 duoc 8 du 0
[2023-03-28 15:24:30] [[32minfo[39m] ket qua tai buoc 4 la: 8024
[2023-03-28 15:24:30] [[32minfo[39m] lay 0 + 1 duoc 1 du 0
[2023-03-28 15:24:30] [[32minfo[39m] ket qua tai buoc 5 la: 18024
[2023-03-28 15:24:30] [[32minfo[39m] ------------------------
[2023-03-28 15:24:30] [[32minfo[39m] ket qua phep cong 2 so 9765 va 54321 la: 18024
[2023-03-28 15:25:31] [[32minfo[39m] 97  65
[2023-03-28 15:25:31] [[32minfo[39m] 54321
[2023-03-28 15:25:31] [[32minfo[39m] lay 9 + 5 duoc 14 du 1
[2023-03-28 15:25:31] [[32minfo[39m] ket qua tai buoc 1 la: 4
[2023-03-28 15:25:31] [[32minfo[39m] lay 7 + 4 duoc 12 du 1
[2023-03-28 15:25:31] [[32minfo[39m] ket qua tai buoc 2 la: 24
[2023-03-28 15:25:31] [[32minfo[39m] lay 0 + 3 duoc 4 du 0
[2023-03-28 15:25:31] [[32minfo[39m] ket qua tai buoc 3 la: 424
[2023-03-28 15:25:31] [[32minfo[39m] lay 0 + 2 duoc 2 du 0
[2023-03-28 15:25:31] [[32minfo[39m] ket qua tai buoc 4 la: 2424
[2023-03-28 15:25:31] [[32minfo[39m] lay 6 + 1 duoc 7 du 0
[2023-03-28 15:25:31] [[32minfo[39m] ket qua tai buoc 5 la: 72424
[2023-03-28 15:25:31] [[32minfo[39m] lay 5 + 0 duoc 5 du 0
[2023-03-28 15:25:31] [[32minfo[39m] ket qua tai buoc 6 la: 572424
[2023-03-28 15:25:31] [[32minfo[39m] ------------------------
[2023-03-28 15:25:31] [[32minfo[39m] ket qua phep cong 2 so 97  65 va 54321 la: 572424
[2023-03-28 15:36:38] [[32minfo[39m] 4
[2023-03-28 15:36:38] [[32minfo[39m] lay 9 + 5 duoc 14 du 1
[2023-03-28 15:36:38] [[32minfo[39m] ket qua tai buoc 1 la: 4
[2023-03-28 15:36:38] [[32minfo[39m] 42
[2023-03-28 15:36:38] [[32minfo[39m] lay 7 + 4 duoc 12 du 1
[2023-03-28 15:36:38] [[32minfo[39m] ket qua tai buoc 2 la: 24
[2023-03-28 15:36:38] [[32minfo[39m] 420
[2023-03-28 15:36:38] [[32minfo[39m] lay 6 + 3 duoc 10 du 1
[2023-03-28 15:36:38] [[32minfo[39m] ket qua tai buoc 3 la: 024
[2023-03-28 15:36:38] [[32minfo[39m] 4208
[2023-03-28 15:36:38] [[32minfo[39m] lay 5 + 2 duoc 8 du 0
[2023-03-28 15:36:38] [[32minfo[39m] ket qua tai buoc 4 la: 8024
[2023-03-28 15:36:38] [[32minfo[39m] 42081
[2023-03-28 15:36:38] [[32minfo[39m] lay 0 + 1 duoc 1 du 0
[2023-03-28 15:36:38] [[32minfo[39m] ket qua tai buoc 5 la: 18024
[2023-03-28 15:36:38] [[32minfo[39m] ------------------------
[2023-03-28 15:36:38] [[32minfo[39m] ket qua phep cong 2 so 9765 va 54321 la: 18024
[2023-03-28 15:37:40] [[32minfo[39m] 6
[2023-03-28 15:37:40] [[32minfo[39m] lay 3 + 3 duoc 6 du 0
[2023-03-28 15:37:40] [[32minfo[39m] ket qua tai buoc 1 la: 6
[2023-03-28 15:37:40] [[32minfo[39m] 64
[2023-03-28 15:37:40] [[32minfo[39m] lay 2 + 2 duoc 4 du 0
[2023-03-28 15:37:40] [[32minfo[39m] ket qua tai buoc 2 la: 46
[2023-03-28 15:37:40] [[32minfo[39m] 642
[2023-03-28 15:37:40] [[32minfo[39m] lay 1 + 1 duoc 2 du 0
[2023-03-28 15:37:40] [[32minfo[39m] ket qua tai buoc 3 la: 246
[2023-03-28 15:37:40] [[32minfo[39m] ------------------------
[2023-03-28 15:37:40] [[32minfo[39m] ket qua phep cong 2 so 321 va 321 la: 246
[2023-03-28 15:38:23] [[32minfo[39m] 2
[2023-03-28 15:38:23] [[32minfo[39m] lay 9 + 3 duoc 12 du 1
[2023-03-28 15:38:23] [[32minfo[39m] ket qua tai buoc 1 la: 2
[2023-03-28 15:38:23] [[32minfo[39m] 25
[2023-03-28 15:38:23] [[32minfo[39m] lay 2 + 2 duoc 5 du 0
[2023-03-28 15:38:23] [[32minfo[39m] ket qua tai buoc 2 la: 52
[2023-03-28 15:38:23] [[32minfo[39m] 252
[2023-03-28 15:38:23] [[32minfo[39m] lay 1 + 1 duoc 2 du 0
[2023-03-28 15:38:23] [[32minfo[39m] ket qua tai buoc 3 la: 252
[2023-03-28 15:38:23] [[32minfo[39m] ------------------------
[2023-03-28 15:38:23] [[32minfo[39m] ket qua phep cong 2 so 921 va 321 la: 252
[2023-03-28 15:56:20] [[32minfo[39m] lay 9 + 3 duoc 12 du 1
[2023-03-28 15:56:20] [[32minfo[39m] ket qua tai buoc 1 la: 2
[2023-03-28 15:56:20] [[32minfo[39m] lay 2 + 2 duoc 5 du 0
[2023-03-28 15:56:20] [[32minfo[39m] ket qua tai buoc 2 la: 25
[2023-03-28 15:56:20] [[32minfo[39m] lay 1 + 1 duoc 2 du 0
[2023-03-28 15:56:20] [[32minfo[39m] ket qua tai buoc 3 la: 252
[2023-03-28 15:56:20] [[32minfo[39m] ------------------------
[2023-03-28 15:56:20] [[32minfo[39m] ket qua phep cong 2 so 921 va 321 la: 252
[2023-03-28 15:56:47] [[32minfo[39m] lay 9 + 3 duoc 12 du 1
[2023-03-28 15:56:47] [[32minfo[39m] ket qua tai buoc 1 la: 2
[2023-03-28 15:56:47] [[32minfo[39m] lay 2 + 3 duoc 6 du 0
[2023-03-28 15:56:47] [[32minfo[39m] ket qua tai buoc 2 la: 26
[2023-03-28 15:56:47] [[32minfo[39m] lay 1 + 1 duoc 2 du 0
[2023-03-28 15:56:47] [[32minfo[39m] ket qua tai buoc 3 la: 262
[2023-03-28 15:56:47] [[32minfo[39m] ------------------------
[2023-03-28 15:56:47] [[32minfo[39m] ket qua phep cong 2 so 921 va 331 la: 262
[2023-03-28 15:57:06] [[32minfo[39m] lay 9 + 3 duoc 12 du 1
[2023-03-28 15:57:06] [[32minfo[39m] ket qua tai buoc 1 la: 2
[2023-03-28 15:57:06] [[32minfo[39m] lay 2 + 3 duoc 6 du 0
[2023-03-28 15:57:06] [[32minfo[39m] ket qua tai buoc 2 la: 26
[2023-03-28 15:57:06] [[32minfo[39m] lay 1 + 3 duoc 4 du 0
[2023-03-28 15:57:06] [[32minfo[39m] ket qua tai buoc 3 la: 264
[2023-03-28 15:57:06] [[32minfo[39m] ------------------------
[2023-03-28 15:57:06] [[32minfo[39m] ket qua phep cong 2 so 921 va 333 la: 462
[2023-03-28 16:18:18] [[32minfo[39m] lay 9 + 3 duoc 12 du 1
[2023-03-28 16:18:18] [[32minfo[39m] ket qua tai buoc 1 la: 2
[2023-03-28 16:18:18] [[32minfo[39m] lay 2 + 3 duoc 6 du 0
[2023-03-28 16:18:18] [[32minfo[39m] ket qua tai buoc 2 la: 62
[2023-03-28 16:18:18] [[32minfo[39m] lay 1 + 3 duoc 4 du 0
[2023-03-28 16:18:18] [[32minfo[39m] ket qua tai buoc 3 la: 462
[2023-03-28 16:18:18] [[32minfo[39m] ------------------------
[2023-03-28 16:18:18] [[32minfo[39m] ket qua phep cong 2 so 921 va 333 la: 462
[2023-03-28 16:32:24] [[32minfo[39m] lay 2 + 5 duoc 7 du 0
[2023-03-28 16:32:24] [[32minfo[39m] ket qua tai buoc 1 la: 7
[2023-03-28 16:32:24] [[32minfo[39m] lay 9 + 3 duoc 12 du 1
[2023-03-28 16:32:24] [[32minfo[39m] ket qua tai buoc 2 la: 27
[2023-03-28 16:32:24] [[32minfo[39m] lay 5 + 7 duoc 13 du 1
[2023-03-28 16:32:24] [[32minfo[39m] ket qua tai buoc 3 la: 327
[2023-03-28 16:32:24] [[32minfo[39m] lay 1 + 0 duoc 2 du 0
[2023-03-28 16:32:24] [[32minfo[39m] ket qua tai buoc 4 la: 2327
[2023-03-28 16:32:24] [[32minfo[39m] ------------------------
[2023-03-28 16:32:24] [[32minfo[39m] ket qua phep cong 2 so 2951 va 537 la: 2327
